<?xml version="1.0" encoding="UTF-8"?>
<!-- Generated by org.testng.reporters.JUnitReportReporter -->
<testsuite skipped="0" hostname="Dipak-PC" name="FreeCRM.CRM.LoginPageTest" tests="3" failures="0" timestamp="03 Oct 2018 06:07:48 GMT" time="78.515" errors="0">
  <testcase name="LoginPageTitleTest" time="21.628" classname="FreeCRM.CRM.LoginPageTest"/>
  <testcase name="loginTest" time="37.771" classname="FreeCRM.CRM.LoginPageTest"/>
  <testcase name="validateCrmImageTest" time="19.116" classname="FreeCRM.CRM.LoginPageTest"/>
</testsuite> <!-- FreeCRM.CRM.LoginPageTest -->
